2026-03-01 20:36:32,724 Initializing Research class
2026-03-01 20:36:32,724 Reading data file
2026-03-01 20:36:32,724 Initializing Calculations class
2026-03-01 20:36:32,724 Calculating counts
2026-03-01 20:36:32,724 Calculating fractions
2026-03-01 20:36:32,724 Calculating counts
2026-03-01 20:36:32,724 Generating random predictions
2026-03-01 20:36:32,724 Saving report to file
2026-03-01 20:36:32,724 Sending Telegram notification
2026-03-01 20:36:39,324 Initializing Research class
2026-03-01 20:36:39,324 Reading data file
2026-03-01 20:36:39,324 Initializing Calculations class
2026-03-01 20:36:39,324 Calculating counts
2026-03-01 20:36:39,324 Calculating fractions
2026-03-01 20:36:39,324 Calculating counts
2026-03-01 20:36:39,324 Generating random predictions
2026-03-01 20:36:39,324 Saving report to file
2026-03-01 20:36:39,324 Sending Telegram notification
2026-03-01 20:36:43,820 Initializing Research class
2026-03-01 20:36:43,820 Reading data file
2026-03-01 20:36:43,820 Initializing Calculations class
2026-03-01 20:36:43,820 Calculating counts
2026-03-01 20:36:43,820 Calculating fractions
2026-03-01 20:36:43,820 Calculating counts
2026-03-01 20:36:43,820 Generating random predictions
2026-03-01 20:36:43,820 Saving report to file
2026-03-01 20:36:43,820 Sending Telegram notification
